alabaster==0.7.13
appdirs==1.4.4
astropy==5.0.2
attrs==21.2.0
Babel==2.12.1
backcall==0.2.0
beautifulsoup4==4.10.0
beniget==0.4.1
Bottleneck==1.3.2
breathe==4.35.0
Brotli==1.0.9
cachetools==5.3.1
certifi==2020.6.20
cffi==1.15.0
chardet==4.0.0
click==8.0.3
colorama==0.4.4
coloredlogs==15.0.1
configobj==5.0.6
cov-core==1.15.0
coverage==6.2
cryptography==3.4.8
cycler==0.11.0
Cython==0.29.28
decorator==4.4.2
defusedxml==0.7.1
docutils==0.20.1
et-xmlfile==1.0.1
ewms-pilot==0.12.0
fonttools==4.29.1
fs==2.4.12
gast==0.5.2
healpy==1.15.0
htchirp==2.0
htcondor==10.7.0
html5lib==1.1
humanfriendly==10.0
hypothesis==6.36.0
icecube-skyreader==1.2.4
idna==3.3
imagesize==1.4.1
iminuit==2.24.0
importlib-metadata==4.6.4
iniconfig==1.1.1
ipython==7.31.1
jdcal==1.0
jedi==0.18.0
Jinja2==3.0.3
jsonschema==3.2.0
kiwisolver==1.3.2
llvmlite==0.38.0
lxml==4.8.0
lz4==3.1.3+dfsg
MarkupSafe==2.0.1
matplotlib==3.5.1
matplotlib-inline==0.1.3
meander==0.0.3
meson==1.2.1
more-itertools==8.10.0
mpmath==0.0.0
nose2==0.9.2
numba==0.55.1
numexpr==2.8.1
numpy==1.21.5
odfpy==1.4.2
olefile==0.46
oms-mqclient==2.4.4
openpyxl==3.0.9
packaging==21.3
pandas==1.3.5
parso==0.8.1
pexpect==4.8.0
pickleshare==0.7.5
pika==1.3.2
Pillow==9.0.1
pluggy==0.13.0
ply==3.11
prompt-toolkit==3.0.28
psutil==5.9.0
ptyprocess==0.7.0
py==1.10.0
pycparser==2.21
pyerfa==2.0.0.1
Pygments==2.16.1
PyJWT==2.8.0
PyMySQL==1.0.2
pyparsing==2.4.7
pypng==0.20220715.0
pyrsistent==0.18.1
pytest==6.2.5
pytest-arraydiff==0.5.0
pytest-astropy==0.9.0
pytest-astropy-header==0.2.0
pytest-cov==3.0.0
pytest-doctestplus==0.11.2
pytest-filter-subpackage==0.1.1
pytest-mock==3.6.1
pytest-openfiles==0.5.0
pytest-remotedata==0.3.3
python-dateutil==2.8.1
pythran==0.10.0
pytz==2022.1
PyYAML==5.4.1
pyzmq==22.3.0
qrcode==7.4.2
requests==2.25.1
requests-futures==1.0.1
scipy==1.8.0
six==1.16.0
snowballstemmer==2.2.0
sortedcontainers==2.1.0
soupsieve==2.3.1
Sphinx==7.2.1
sphinxcontrib-applehelp==1.0.7
sphinxcontrib-devhelp==1.0.5
sphinxcontrib-htmlhelp==2.0.4
sphinxcontrib-jsmath==1.0.1
sphinxcontrib-qthelp==1.0.6
sphinxcontrib-serializinghtml==1.1.8
sympy==1.9
tables==3.7.0
toml==0.10.2
tornado==6.3.3
traitlets==5.1.1
typing_extensions==4.7.1
ufoLib2==0.13.1
unicodedata2==14.0.0
UNKNOWN==3.14.0
urllib3==1.26.5
urwid==2.1.2
wcwidth==0.2.5
webencodings==0.5.1
wipac-dev-tools==1.6.16
wipac-rest-tools==1.5.2
xlwt==1.3.0
zipp==1.0.0
