appdirs==1.4.4
backcall==0.2.0
beautifulsoup4==4.10.0
beniget==0.4.1
Bottleneck==1.3.2
breathe==4.35.0
├── docutils [required: >=0.12, installed: 0.20.1]
└── sphinx [required: >=4.0,!=5.0.0, installed: 7.2.5]
    ├── alabaster [required: >=0.7,<0.8, installed: 0.7.13]
    ├── Babel [required: >=2.9, installed: 2.12.1]
    ├── docutils [required: >=0.18.1,<0.21, installed: 0.20.1]
    ├── imagesize [required: >=1.3, installed: 1.4.1]
    ├── Jinja2 [required: >=3.0, installed: 3.0.3]
    ├── packaging [required: >=21.0, installed: 21.3]
    ├── Pygments [required: >=2.14, installed: 2.16.1]
    ├── requests [required: >=2.25.0, installed: 2.25.1]
    ├── snowballstemmer [required: >=2.0, installed: 2.2.0]
    ├── sphinxcontrib-applehelp [required: Any, installed: 1.0.7]
    ├── sphinxcontrib-devhelp [required: Any, installed: 1.0.5]
    ├── sphinxcontrib-htmlhelp [required: >=2.0.0, installed: 2.0.4]
    ├── sphinxcontrib-jsmath [required: Any, installed: 1.0.1]
    ├── sphinxcontrib-qthelp [required: Any, installed: 1.0.6]
    └── sphinxcontrib-serializinghtml [required: >=1.1.9, installed: 1.1.9]
Brotli==1.0.9
cffi==1.15.0
chardet==4.0.0
click==8.0.3
colorama==0.4.4
coloredlogs==15.0.1
└── humanfriendly [required: >=9.1, installed: 10.0]
configobj==5.0.6
cov-core==1.15.0
coverage==6.2
cryptography==3.4.8
cycler==0.11.0
Cython==0.29.28
decorator==4.4.2
defusedxml==0.7.1
et-xmlfile==1.0.1
fs==2.4.12
gast==0.5.2
html5lib==1.1
hypothesis==6.36.0
idna==3.3
importlib-metadata==4.6.4
iniconfig==1.1.1
ipython==7.31.1
jdcal==1.0
jedi==0.18.0
jsonschema==3.2.0
kiwisolver==1.3.2
llvmlite==0.38.0
lxml==4.8.0
lz4==3.1.3+dfsg
MarkupSafe==2.0.1
matplotlib-inline==0.1.3
meson==1.2.1
more-itertools==8.10.0
mpmath==0.0.0
nose2==0.9.2
numba==0.55.1
numexpr==2.8.1
odfpy==1.4.2
olefile==0.46
openpyxl==3.0.9
parso==0.8.1
pexpect==4.8.0
pickleshare==0.7.5
Pillow==9.0.1
pip==22.0.2
pipdeptree==2.13.0
pluggy==0.13.0
ply==3.11
prompt-toolkit==3.0.28
psutil==5.9.0
ptyprocess==0.7.0
pulsar-client==3.0.0
└── certifi [required: Any, installed: 2020.6.20]
py==1.10.0
pybind11==2.9.1
pycparser==2.21
pyerfa==2.0.0.1
PyMySQL==1.0.2
pyparsing==2.4.7
pyrsistent==0.18.1
pytest==6.2.5
pytest-arraydiff==0.5.0
pytest-astropy==0.9.0
pytest-astropy-header==0.2.0
pytest-cov==3.0.0
pytest-doctestplus==0.11.2
pytest-filter-subpackage==0.1.1
pytest-mock==3.6.1
pytest-openfiles==0.5.0
pytest-remotedata==0.3.3
python-dateutil==2.8.1
pythran==0.10.0
pytz==2022.1
PyYAML==5.4.1
pyzmq==22.3.0
scipy==1.8.0
setuptools==59.6.0
six==1.16.0
skymap-scanner
├── ewms-pilot [required: Any, installed: 0.15.1]
│   ├── htchirp [required: Any, installed: 2.0]
│   └── oms-mqclient [required: Any, installed: 2.4.7]
│       └── wipac-dev-tools [required: Any, installed: 1.7.0]
│           ├── requests [required: Any, installed: 2.25.1]
│           └── typing-extensions [required: Any, installed: 4.8.0]
├── healpy [required: Any, installed: 1.15.0]
├── icecube-skyreader [required: Any, installed: 1.2.6]
│   ├── astropy [required: Any, installed: 5.0.2]
│   ├── healpy [required: Any, installed: 1.15.0]
│   ├── matplotlib [required: Any, installed: 3.5.1]
│   ├── meander [required: Any, installed: 0.0.3]
│   ├── numpy [required: Any, installed: 1.21.5]
│   ├── pandas [required: Any, installed: 1.3.5]
│   └── wipac-dev-tools [required: Any, installed: 1.7.0]
│       ├── requests [required: Any, installed: 2.25.1]
│       └── typing-extensions [required: Any, installed: 4.8.0]
├── iminuit [required: Any, installed: 2.24.0]
│   └── numpy [required: >=1.21, installed: 1.21.5]
├── numpy [required: Any, installed: 1.21.5]
├── oms-mqclient [required: Any, installed: 2.4.7]
│   └── wipac-dev-tools [required: Any, installed: 1.7.0]
│       ├── requests [required: Any, installed: 2.25.1]
│       └── typing-extensions [required: Any, installed: 4.8.0]
├── wipac-dev-tools [required: Any, installed: 1.7.0]
│   ├── requests [required: Any, installed: 2.25.1]
│   └── typing-extensions [required: Any, installed: 4.8.0]
└── wipac-rest-tools [required: Any, installed: 1.6.0]
    ├── cachetools [required: Any, installed: 5.3.1]
    ├── PyJWT [required: !=2.6.0, installed: 2.8.0]
    ├── qrcode [required: Any, installed: 7.4.2]
    │   ├── pypng [required: Any, installed: 0.20220715.0]
    │   └── typing-extensions [required: Any, installed: 4.8.0]
    ├── requests [required: Any, installed: 2.25.1]
    ├── requests-futures [required: Any, installed: 1.0.1]
    │   └── requests [required: >=1.2.0, installed: 2.25.1]
    ├── tornado [required: Any, installed: 6.3.3]
    ├── urllib3 [required: >=2.0.4, installed: 2.0.6]
    └── wipac-dev-tools [required: Any, installed: 1.7.0]
        ├── requests [required: Any, installed: 2.25.1]
        └── typing-extensions [required: Any, installed: 4.8.0]
sortedcontainers==2.1.0
soupsieve==2.3.1
sympy==1.9
tables==3.7.0
toml==0.10.2
traitlets==5.1.1
ufoLib2==0.13.1
├── attrs [required: >=20.1.0, installed: 21.2.0]
└── fonttools [required: >=4.0.0, installed: 4.29.1]
unicodedata2==14.0.0
UNKNOWN==0.0.0
urwid==2.1.2
wcwidth==0.2.5
webencodings==0.5.1
wheel==0.37.1
xlwt==1.3.0
zipp==1.0.0
