#
# This file is autogenerated by pip-compile with Python 3.10
# by the following command:
#
#    pip-compile --extra=client-starter --output-file=requirements-client-starter.txt
#
astropy==5.3.1
    # via
    #   healpy
    #   icecube-skyreader
cachetools==5.3.1
    # via wipac-rest-tools
certifi==2023.5.7
    # via requests
cffi==1.15.1
    # via cryptography
charset-normalizer==3.2.0
    # via requests
coloredlogs==15.0.1
    # via wipac-dev-tools
contourpy==1.1.0
    # via matplotlib
cryptography==41.0.2
    # via pyjwt
cycler==0.11.0
    # via matplotlib
ewms-pilot==0.10.3
    # via skymap-scanner (setup.py)
fonttools==4.41.0
    # via matplotlib
healpy==1.16.3
    # via
    #   icecube-skyreader
    #   skymap-scanner (setup.py)
htchirp==2.0
    # via ewms-pilot
htcondor==10.6.0
    # via skymap-scanner (setup.py)
humanfriendly==10.0
    # via coloredlogs
icecube-skyreader==1.2.2
    # via skymap-scanner (setup.py)
idna==3.4
    # via requests
iminuit==2.22.0
    # via skymap-scanner (setup.py)
kiwisolver==1.4.4
    # via matplotlib
matplotlib==3.7.2
    # via
    #   healpy
    #   icecube-skyreader
meander==0.0.3
    # via icecube-skyreader
numpy==1.25.1
    # via
    #   astropy
    #   contourpy
    #   healpy
    #   icecube-skyreader
    #   iminuit
    #   matplotlib
    #   pandas
    #   pyerfa
    #   scipy
    #   skymap-scanner (setup.py)
oms-mqclient==2.1.0
    # via
    #   ewms-pilot
    #   skymap-scanner (setup.py)
packaging==23.1
    # via
    #   astropy
    #   matplotlib
pandas==2.0.3
    # via icecube-skyreader
pillow==10.0.0
    # via matplotlib
pycparser==2.21
    # via cffi
pyerfa==2.0.0.3
    # via astropy
pyjwt[crypto]==2.8.0
    # via wipac-rest-tools
pyparsing==3.0.9
    # via matplotlib
pypng==0.20220715.0
    # via qrcode
python-dateutil==2.8.2
    # via
    #   matplotlib
    #   pandas
pytz==2023.3
    # via pandas
pyyaml==6.0.1
    # via astropy
qrcode==7.4.2
    # via wipac-rest-tools
requests==2.31.0
    # via
    #   requests-futures
    #   wipac-dev-tools
    #   wipac-rest-tools
requests-futures==1.0.1
    # via wipac-rest-tools
scipy==1.11.1
    # via healpy
six==1.16.0
    # via python-dateutil
tornado==6.3.2
    # via wipac-rest-tools
typing-extensions==4.7.1
    # via
    #   qrcode
    #   wipac-dev-tools
tzdata==2023.3
    # via pandas
urllib3==2.0.3
    # via requests
wipac-dev-tools[coloredlogs]==1.6.16
    # via
    #   icecube-skyreader
    #   oms-mqclient
    #   skymap-scanner (setup.py)
    #   wipac-rest-tools
wipac-rest-tools==1.4.20
    # via skymap-scanner (setup.py)
